<?xml version="1.0" encoding="UTF-8"?>
<testng-results ignored="0" total="1" passed="1" failed="0" skipped="0">
  <reporter-output>
  </reporter-output>
  <suite started-at="2022-10-01T14:20:30 IDT" name="testng-suite" finished-at="2022-10-01T14:20:33 IDT" duration-ms="3305">
    <groups>
    </groups>
    <test started-at="2022-10-01T14:20:30 IDT" name="test-login" finished-at="2022-10-01T14:20:33 IDT" duration-ms="3305">
      <class name="login.LoginTest">
        <test-method signature="testLogin(java.lang.String)[pri:0, instance:login.LoginTest@5aa9e4eb]" started-at="2022-10-01T14:20:30 IDT" name="testLogin" finished-at="2022-10-01T14:20:33 IDT" duration-ms="3275" status="PASS">
          <params>
            <param index="0">
              <value>
                <![CDATA[chrome]]>
              </value>
            </param>
          </params>
          <reporter-output>
          </reporter-output>
        </test-method> <!-- testLogin -->
        <test-method is-config="true" signature="shutDown()[pri:0, instance:login.LoginTest@5aa9e4eb]" started-at="2022-10-01T14:20:33 IDT" name="shutDown" finished-at="2022-10-01T14:20:49 IDT" duration-ms="15596" status="PASS">
          <reporter-output>
          </reporter-output>
        </test-method> <!-- shutDown -->
      </class> <!-- login.LoginTest -->
    </test> <!-- test-login -->
  </suite> <!-- testng-suite -->
</testng-results>
